<?xml version="1.0" encoding="UTF-8"?>
<!-- Generated by org.testng.reporters.JUnitReportReporter -->
<testsuite hostname="DESKTOP-R4CIO73" failures="0" tests="2" name="TestCases.IP_TC_714" time="3.560" errors="1" timestamp="2022-03-24T13:44:51 EET" skipped="1">
  <testcase classname="TestCases.IP_TC_714" name="setup" time="3.560">
    <error message="session not created: This version of MSEdgeDriver only supports MSEdge version 97
Current browser version is 99.0.1150.46 with binary path C:\Program Files (x86)\Microsoft\Edge\Application\msedge.exe
Build info: version: &#039;3.141.59&#039;, revision: &#039;e82be7d358&#039;, time: &#039;2018-11-14T08:17:03&#039;
System info: host: &#039;DESKTOP-R4CIO73&#039;, ip: &#039;192.168.1.106&#039;, os.name: &#039;Windows 10&#039;, os.arch: &#039;amd64&#039;, os.version: &#039;10.0&#039;, java.version: &#039;17&#039;
Driver info: driver.version: EdgeDriver
remote stacktrace: Backtrace:
	Microsoft::Applications::Events::EventProperty::EventProperty [0x00007FF6449E6942+360450]
	Microsoft::Applications::Events::EventProperty::to_string [0x00007FF6445EA717+885111]
	Microsoft::Applications::Events::EventProperty::to_string [0x00007FF644615065+1059525]
	Microsoft::Applications::Events::EventProperty::to_string [0x00007FF644611759+1044921]
	Microsoft::Applications::Events::EventProperty::to_string [0x00007FF64460A8D2+1016626]
	Microsoft::Applications::Events::EventProperty::to_string [0x00007FF644646AC8+1262888]
	Microsoft::Applications::Events::EventProperty::to_string [0x00007FF644641A93+1242355]
	Microsoft::Applications::Events::EventProperty::to_string [0x00007FF644616F80+1067488]
	Microsoft::Applications::Events::EventProperty::to_string [0x00007FF6446180A8+1071880]
	Ordinal0 [0x00007FF644475ED3+24275]
	Microsoft::Applications::Events::LogManagerProvider::CreateLogManager [0x00007FF6446F6E97+277031]
	Microsoft::Applications::Events::EventProperty::EventProperty [0x00007FF6448C0F62+2946]
	Microsoft::Applications::Events::LogManagerProvider::CreateLogManager [0x00007FF6446C06DC+53868]
	Microsoft::Applications::Events::EventProperty::EventProperty [0x00007FF6449DBAE3+315811]
	Microsoft::Applications::Events::EventProperty::EventProperty [0x00007FF6449DB424+314084]
	Microsoft::Applications::Events::EventProperty::EventProperty [0x00007FF6449DB26D+313645]
	Microsoft::Applications::Events::EventProperty::EventProperty [0x00007FF644934D83+477603]
	BaseThreadInitThunk [0x00007FFF967C7034+20]
	RtlUserThreadStart [0x00007FFF98442651+33]
" type="org.openqa.selenium.SessionNotCreatedException">
      <![CDATA[org.openqa.selenium.SessionNotCreatedException: session not created: This version of MSEdgeDriver only supports MSEdge version 97
Current browser version is 99.0.1150.46 with binary path C:\Program Files (x86)\Microsoft\Edge\Application\msedge.exe
Build info: version: '3.141.59', revision: 'e82be7d358', time: '2018-11-14T08:17:03'
System info: host: 'DESKTOP-R4CIO73', ip: '192.168.1.106', os.name: 'Windows 10', os.arch: 'amd64', os.version: '10.0', java.version: '17'
Driver info: driver.version: EdgeDriver
remote stacktrace: Backtrace:
Microsoft::Applications::Events::EventProperty::EventProperty [0x00007FF6449E6942+360450]
Microsoft::Applications::Events::EventProperty::to_string [0x00007FF6445EA717+885111]
Microsoft::Applications::Events::EventProperty::to_string [0x00007FF644615065+1059525]
Microsoft::Applications::Events::EventProperty::to_string [0x00007FF644611759+1044921]
Microsoft::Applications::Events::EventProperty::to_string [0x00007FF64460A8D2+1016626]
Microsoft::Applications::Events::EventProperty::to_string [0x00007FF644646AC8+1262888]
Microsoft::Applications::Events::EventProperty::to_string [0x00007FF644641A93+1242355]
Microsoft::Applications::Events::EventProperty::to_string [0x00007FF644616F80+1067488]
Microsoft::Applications::Events::EventProperty::to_string [0x00007FF6446180A8+1071880]
Ordinal0 [0x00007FF644475ED3+24275]
Microsoft::Applications::Events::LogManagerProvider::CreateLogManager [0x00007FF6446F6E97+277031]
Microsoft::Applications::Events::EventProperty::EventProperty [0x00007FF6448C0F62+2946]
Microsoft::Applications::Events::LogManagerProvider::CreateLogManager [0x00007FF6446C06DC+53868]
Microsoft::Applications::Events::EventProperty::EventProperty [0x00007FF6449DBAE3+315811]
Microsoft::Applications::Events::EventProperty::EventProperty [0x00007FF6449DB424+314084]
Microsoft::Applications::Events::EventProperty::EventProperty [0x00007FF6449DB26D+313645]
Microsoft::Applications::Events::EventProperty::EventProperty [0x00007FF644934D83+477603]
BaseThreadInitThunk [0x00007FFF967C7034+20]
RtlUserThreadStart [0x00007FFF98442651+33]

at java.base/jdk.internal.reflect.NativeConstructorAccessorImpl.newInstance0(Native Method)
at java.base/jdk.internal.reflect.NativeConstructorAccessorImpl.newInstance(NativeConstructorAccessorImpl.java:77)
at java.base/jdk.internal.reflect.DelegatingConstructorAccessorImpl.newInstance(DelegatingConstructorAccessorImpl.java:45)
at java.base/java.lang.reflect.Constructor.newInstanceWithCaller(Constructor.java:499)
at java.base/java.lang.reflect.Constructor.newInstance(Constructor.java:480)
at org.openqa.selenium.remote.W3CHandshakeResponse.lambda$errorHandler$0(W3CHandshakeResponse.java:62)
at org.openqa.selenium.remote.HandshakeResponse.lambda$getResponseFunction$0(HandshakeResponse.java:30)
at org.openqa.selenium.remote.ProtocolHandshake.lambda$createSession$0(ProtocolHandshake.java:126)
at java.base/java.util.stream.ReferencePipeline$3$1.accept(ReferencePipeline.java:197)
at java.base/java.util.Spliterators$ArraySpliterator.tryAdvance(Spliterators.java:1002)
at java.base/java.util.stream.ReferencePipeline.forEachWithCancel(ReferencePipeline.java:129)
at java.base/java.util.stream.AbstractPipeline.copyIntoWithCancel(AbstractPipeline.java:527)
at java.base/java.util.stream.AbstractPipeline.copyInto(AbstractPipeline.java:513)
at java.base/java.util.stream.AbstractPipeline.wrapAndCopyInto(AbstractPipeline.java:499)
at java.base/java.util.stream.FindOps$FindOp.evaluateSequential(FindOps.java:150)
at java.base/java.util.stream.AbstractPipeline.evaluate(AbstractPipeline.java:234)
at java.base/java.util.stream.ReferencePipeline.findFirst(ReferencePipeline.java:647)
at org.openqa.selenium.remote.ProtocolHandshake.createSession(ProtocolHandshake.java:128)
at org.openqa.selenium.remote.ProtocolHandshake.createSession(ProtocolHandshake.java:74)
at org.openqa.selenium.remote.HttpCommandExecutor.execute(HttpCommandExecutor.java:136)
at org.openqa.selenium.remote.service.DriverCommandExecutor.execute(DriverCommandExecutor.java:83)
at org.openqa.selenium.remote.RemoteWebDriver.execute(RemoteWebDriver.java:552)
at org.openqa.selenium.remote.RemoteWebDriver.startSession(RemoteWebDriver.java:213)
at org.openqa.selenium.remote.RemoteWebDriver.<init>(RemoteWebDriver.java:131)
at org.openqa.selenium.edge.EdgeDriver.<init>(EdgeDriver.java:141)
at org.openqa.selenium.edge.EdgeDriver.<init>(EdgeDriver.java:96)
at TestCases.IP_TC_714.setup(IP_TC_714.java:29)
at java.base/jdk.internal.reflect.NativeMethodAccessorImpl.invoke0(Native Method)
at java.base/jdk.internal.reflect.NativeMethodAccessorImpl.invoke(NativeMethodAccessorImpl.java:77)
at java.base/jdk.internal.reflect.DelegatingMethodAccessorImpl.invoke(DelegatingMethodAccessorImpl.java:43)
at java.base/java.lang.reflect.Method.invoke(Method.java:568)
at org.testng.internal.MethodInvocationHelper.invokeMethod(MethodInvocationHelper.java:133)
at org.testng.internal.MethodInvocationHelper.invokeMethodConsideringTimeout(MethodInvocationHelper.java:62)
at org.testng.internal.ConfigInvoker.invokeConfigurationMethod(ConfigInvoker.java:385)
at org.testng.internal.ConfigInvoker.invokeConfigurations(ConfigInvoker.java:321)
at org.testng.TestRunner.invokeTestConfigurations(TestRunner.java:637)
at org.testng.TestRunner.beforeRun(TestRunner.java:627)
at org.testng.TestRunner.run(TestRunner.java:589)
at org.testng.SuiteRunner.runTest(SuiteRunner.java:377)
at org.testng.SuiteRunner.runSequentially(SuiteRunner.java:371)
at org.testng.SuiteRunner.privateRun(SuiteRunner.java:332)
at org.testng.SuiteRunner.run(SuiteRunner.java:276)
at org.testng.SuiteRunnerWorker.runSuite(SuiteRunnerWorker.java:53)
at org.testng.SuiteRunnerWorker.run(SuiteRunnerWorker.java:96)
at org.testng.TestNG.runSuitesSequentially(TestNG.java:1212)
at org.testng.TestNG.runSuitesLocally(TestNG.java:1134)
at org.testng.TestNG.runSuites(TestNG.java:1063)
at org.testng.TestNG.run(TestNG.java:1031)
at org.testng.remote.AbstractRemoteTestNG.run(AbstractRemoteTestNG.java:115)
at org.testng.remote.RemoteTestNG.initAndRun(RemoteTestNG.java:251)
at org.testng.remote.RemoteTestNG.main(RemoteTestNG.java:77)
]]>
    </error>
  </testcase> <!-- setup -->
  <system-out/>
  <testcase classname="TestCases.IP_TC_714" name="navigate_to_Prescribe_Medications" time="0.000">
    <skipped/>
  </testcase> <!-- navigate_to_Prescribe_Medications -->
  <system-out/>
</testsuite> <!-- TestCases.IP_TC_714 -->
