<?xml version="1.0" encoding="UTF-8"?>
<!-- Generated by org.testng.reporters.JUnitXMLReporter -->
<testsuite ignored="0" hostname="DESKTOP-R4CIO73" failures="0" tests="4" name="Default test(failed)" time="0.078" errors="0" timestamp="2021-11-02T13:25:02 EET">
  <testcase classname="TestCases.DOC_Place_order_Setup" name="@BeforeTest setup" time="-1.635852301923E9">
    <failure type="org.testng.TestNGException" message="
Parameter &amp;apos;browser&amp;apos; is required by BeforeTest on method setup but has not been marked @Optional or defined
in C:\Users\Dell\eclipse-workspace-GAHC\DOC-IP-HP\test-output\testng-failed.xml">
      <![CDATA[org.testng.TestNGException: 
Parameter 'browser' is required by BeforeTest on method setup but has not been marked @Optional or defined
in C:\Users\Dell\eclipse-workspace-GAHC\DOC-IP-HP\test-output\testng-failed.xml
... Removed 21 stack frames]]>
    </failure>
  </testcase> <!-- @BeforeTest setup -->
  <testcase classname="TestCases.DOC_Place_order_Setup" name="navigate_to_login" time="0.0">
    <skipped/>
  </testcase> <!-- navigate_to_login -->
  <testcase classname="TestCases.DOC_Place_order_Setup" name="navigate_to_PatientList" time="0.0">
    <skipped/>
  </testcase> <!-- navigate_to_PatientList -->
  <testcase classname="TestCases.DOC_Place_order_Setup" name="navigate_to_select_Form" time="0.0">
    <skipped/>
  </testcase> <!-- navigate_to_select_Form -->
  <testcase classname="TestCases.DOC_Place_order_Setup" name="navigate_to_Place_order" time="0.0">
    <skipped/>
  </testcase> <!-- navigate_to_Place_order -->
</testsuite> <!-- Default test(failed) -->
